2025-06-19 22:19:35,676 [main] ERROR: Failed to click on SearchResult
2025-06-19 22:22:26,202 [main] ERROR: Failed to click on SearchResult
2025-06-19 22:23:03,587 [main] ERROR: Failed to click on SearchResult
2025-06-19 22:23:49,497 [main] ERROR: Failed to click on SearchResult
2025-06-19 22:28:27,011 [main] ERROR: Failed to click on SearchResult
2025-06-19 22:51:44,872 [main] INFO : Search results are displayed
2025-06-19 22:52:27,496 [main] INFO : Search results are displayed
2025-06-19 23:03:31,750 [main] INFO : Search results are displayed
2025-06-19 23:05:15,065 [main] INFO : Search results are displayed
2025-06-19 23:08:31,011 [main] INFO : Search results are displayed
2025-06-20 23:28:45,805 [main] ERROR: Failed to enter email
2025-06-20 23:31:05,182 [main] ERROR: Failed to enter First Name
2025-06-20 23:31:05,203 [main] ERROR: Failed to enter Last Name
2025-06-20 23:31:56,193 [main] ERROR: Failed to enter First Name
2025-06-20 23:31:56,222 [main] ERROR: Failed to enter Last Name
2025-06-20 23:31:56,239 [main] ERROR: Failed to enter Company Name
2025-06-20 23:32:34,528 [main] ERROR: Failed to enter First Name
2025-06-20 23:32:34,547 [main] ERROR: Failed to enter Last Name
2025-06-20 23:32:34,562 [main] ERROR: Failed to enter Company Name
2025-06-20 23:37:33,483 [main] ERROR: Failed to enter First Name
2025-06-20 23:37:33,505 [main] ERROR: Failed to enter Last Name
2025-06-20 23:37:33,522 [main] ERROR: Failed to enter Company Name
2025-06-20 23:41:40,143 [main] ERROR: Failed to enter First Name
2025-06-20 23:41:40,158 [main] ERROR: Failed to enter Last Name
2025-06-20 23:41:40,172 [main] ERROR: Failed to enter Company Name
2025-06-20 23:42:49,109 [main] ERROR: Failed to enter First Name
2025-06-20 23:42:49,128 [main] ERROR: Failed to enter Last Name
2025-06-20 23:42:49,140 [main] ERROR: Failed to enter Company Name
2025-06-20 23:53:37,055 [main] ERROR: Failed to enter First Name
2025-06-20 23:53:37,072 [main] ERROR: Failed to enter Last Name
2025-06-20 23:53:37,088 [main] ERROR: Failed to enter Company Name
2025-06-20 23:53:37,103 [main] ERROR: Failed to enter Address
2025-06-20 23:53:37,116 [main] ERROR: Failed to enter Address2
2025-06-20 23:53:37,136 [main] ERROR: Failed to enter Address3
2025-06-20 23:53:37,164 [main] ERROR: Failed to enter City
2025-06-21 00:18:45,665 [main] INFO : Search results are displayed
2025-06-21 00:30:40,241 [main] INFO : Search results are displayed
